{"/Users/oleksandrgribinuk/Desktop/webpacklab5/watchShop/src/cart.js": {"path":"/Users/oleksandrgribinuk/Desktop/webpacklab5/watchShop/src/cart.js","statementMap":{"0":{"start":{"line":7,"column":18},"end":{"line":7,"column":49}},"1":{"start":{"line":9,"column":28},"end":{"line":11,"column":1}},"2":{"start":{"line":10,"column":4},"end":{"line":10,"column":20}},"3":{"start":{"line":13,"column":4},"end":{"line":13,"column":11}},"4":{"start":{"line":14,"column":4},"end":{"line":14,"column":28}},"5":{"start":{"line":15,"column":4},"end":{"line":15,"column":22}},"6":{"start":{"line":18,"column":0},"end":{"line":18,"column":21}},"7":{"start":{"line":20,"column":30},"end":{"line":22,"column":1}},"8":{"start":{"line":21,"column":4},"end":{"line":21,"column":19}},"9":{"start":{"line":24,"column":14},"end":{"line":24,"column":16}},"10":{"start":{"line":27,"column":0},"end":{"line":40,"column":7}},"11":{"start":{"line":28,"column":17},"end":{"line":28,"column":27}},"12":{"start":{"line":30,"column":8},"end":{"line":30,"column":23}},"13":{"start":{"line":32,"column":8},"end":{"line":35,"column":17}},"14":{"start":{"line":33,"column":12},"end":{"line":33,"column":38}},"15":{"start":{"line":34,"column":12},"end":{"line":34,"column":21}},"16":{"start":{"line":38,"column":8},"end":{"line":38,"column":34}},"17":{"start":{"line":39,"column":8},"end":{"line":39,"column":27}},"18":{"start":{"line":42,"column":0},"end":{"line":52,"column":3}},"19":{"start":{"line":43,"column":4},"end":{"line":51,"column":7}},"20":{"start":{"line":44,"column":8},"end":{"line":50,"column":9}},"21":{"start":{"line":46,"column":12},"end":{"line":48,"column":13}},"22":{"start":{"line":47,"column":16},"end":{"line":47,"column":62}}},"fnMap":{"0":{"name":"(anonymous_0)","decl":{"start":{"line":9,"column":28},"end":{"line":9,"column":29}},"loc":{"start":{"line":9,"column":34},"end":{"line":11,"column":1}},"line":9},"1":{"name":"render","decl":{"start":{"line":12,"column":16},"end":{"line":12,"column":22}},"loc":{"start":{"line":12,"column":25},"end":{"line":16,"column":1}},"line":12},"2":{"name":"(anonymous_2)","decl":{"start":{"line":20,"column":30},"end":{"line":20,"column":31}},"loc":{"start":{"line":20,"column":36},"end":{"line":22,"column":1}},"line":20},"3":{"name":"(anonymous_3)","decl":{"start":{"line":28,"column":10},"end":{"line":28,"column":11}},"loc":{"start":{"line":28,"column":17},"end":{"line":28,"column":27}},"line":28},"4":{"name":"(anonymous_4)","decl":{"start":{"line":29,"column":10},"end":{"line":29,"column":11}},"loc":{"start":{"line":29,"column":18},"end":{"line":36,"column":5}},"line":29},"5":{"name":"(anonymous_5)","decl":{"start":{"line":32,"column":19},"end":{"line":32,"column":20}},"loc":{"start":{"line":32,"column":25},"end":{"line":35,"column":9}},"line":32},"6":{"name":"(anonymous_6)","decl":{"start":{"line":37,"column":11},"end":{"line":37,"column":12}},"loc":{"start":{"line":37,"column":17},"end":{"line":40,"column":5}},"line":37},"7":{"name":"(anonymous_7)","decl":{"start":{"line":42,"column":35},"end":{"line":42,"column":36}},"loc":{"start":{"line":42,"column":44},"end":{"line":52,"column":1}},"line":42},"8":{"name":"(anonymous_8)","decl":{"start":{"line":43,"column":20},"end":{"line":43,"column":21}},"loc":{"start":{"line":43,"column":32},"end":{"line":51,"column":5}},"line":43}},"branchMap":{"0":{"loc":{"start":{"line":44,"column":8},"end":{"line":50,"column":9}},"type":"if","locations":[{"start":{"line":44,"column":8},"end":{"line":50,"column":9}},{"start":{"line":44,"column":8},"end":{"line":50,"column":9}}],"line":44},"1":{"loc":{"start":{"line":46,"column":12},"end":{"line":48,"column":13}},"type":"if","locations":[{"start":{"line":46,"column":12},"end":{"line":48,"column":13}},{"start":{"line":46,"column":12},"end":{"line":48,"column":13}}],"line":46}},"s":{"0":2,"1":2,"2":4,"3":1,"4":1,"5":1,"6":2,"7":2,"8":5,"9":2,"10":2,"11":0,"12":0,"13":0,"14":0,"15":0,"16":2,"17":2,"18":2,"19":0,"20":0,"21":0,"22":0},"f":{"0":4,"1":1,"2":5,"3":0,"4":0,"5":0,"6":2,"7":0,"8":0},"b":{"0":[0,0],"1":[0,0]},"_coverageSchema":"1a1c01bbd47fc00a2c39e90264f33305004495a9","hash":"aa8de8796cd111c866bf89d84b10cf7741a99900"}
,"/Users/oleksandrgribinuk/Desktop/webpacklab5/watchShop/src/index.js": {"path":"/Users/oleksandrgribinuk/Desktop/webpacklab5/watchShop/src/index.js","statementMap":{"0":{"start":{"line":18,"column":4},"end":{"line":18,"column":11}},"1":{"start":{"line":19,"column":24},"end":{"line":19,"column":54}},"2":{"start":{"line":20,"column":4},"end":{"line":20,"column":44}},"3":{"start":{"line":21,"column":4},"end":{"line":21,"column":26}},"4":{"start":{"line":22,"column":4},"end":{"line":22,"column":24}},"5":{"start":{"line":23,"column":4},"end":{"line":23,"column":28}},"6":{"start":{"line":24,"column":4},"end":{"line":24,"column":24}},"7":{"start":{"line":27,"column":0},"end":{"line":27,"column":21}},"8":{"start":{"line":31,"column":14},"end":{"line":31,"column":16}},"9":{"start":{"line":33,"column":0},"end":{"line":46,"column":7}},"10":{"start":{"line":34,"column":17},"end":{"line":34,"column":27}},"11":{"start":{"line":36,"column":8},"end":{"line":36,"column":23}},"12":{"start":{"line":38,"column":8},"end":{"line":41,"column":17}},"13":{"start":{"line":39,"column":12},"end":{"line":39,"column":38}},"14":{"start":{"line":40,"column":12},"end":{"line":40,"column":21}},"15":{"start":{"line":44,"column":8},"end":{"line":44,"column":34}},"16":{"start":{"line":45,"column":8},"end":{"line":45,"column":27}},"17":{"start":{"line":48,"column":30},"end":{"line":50,"column":5}},"18":{"start":{"line":49,"column":8},"end":{"line":49,"column":23}},"19":{"start":{"line":52,"column":0},"end":{"line":74,"column":3}},"20":{"start":{"line":53,"column":4},"end":{"line":59,"column":7}},"21":{"start":{"line":54,"column":8},"end":{"line":54,"column":45}},"22":{"start":{"line":55,"column":8},"end":{"line":58,"column":11}},"23":{"start":{"line":56,"column":12},"end":{"line":56,"column":40}},"24":{"start":{"line":60,"column":18},"end":{"line":60,"column":30}},"25":{"start":{"line":61,"column":4},"end":{"line":73,"column":7}},"26":{"start":{"line":62,"column":8},"end":{"line":72,"column":9}},"27":{"start":{"line":63,"column":12},"end":{"line":71,"column":13}},"28":{"start":{"line":64,"column":16},"end":{"line":64,"column":62}},"29":{"start":{"line":66,"column":17},"end":{"line":71,"column":13}},"30":{"start":{"line":67,"column":16},"end":{"line":67,"column":69}},"31":{"start":{"line":68,"column":16},"end":{"line":70,"column":19}},"32":{"start":{"line":69,"column":20},"end":{"line":69,"column":57}}},"fnMap":{"0":{"name":"render","decl":{"start":{"line":17,"column":16},"end":{"line":17,"column":22}},"loc":{"start":{"line":17,"column":25},"end":{"line":25,"column":1}},"line":17},"1":{"name":"(anonymous_1)","decl":{"start":{"line":34,"column":10},"end":{"line":34,"column":11}},"loc":{"start":{"line":34,"column":17},"end":{"line":34,"column":27}},"line":34},"2":{"name":"(anonymous_2)","decl":{"start":{"line":35,"column":10},"end":{"line":35,"column":11}},"loc":{"start":{"line":35,"column":18},"end":{"line":42,"column":5}},"line":35},"3":{"name":"(anonymous_3)","decl":{"start":{"line":38,"column":19},"end":{"line":38,"column":20}},"loc":{"start":{"line":38,"column":25},"end":{"line":41,"column":9}},"line":38},"4":{"name":"(anonymous_4)","decl":{"start":{"line":43,"column":11},"end":{"line":43,"column":12}},"loc":{"start":{"line":43,"column":17},"end":{"line":46,"column":5}},"line":43},"5":{"name":"(anonymous_5)","decl":{"start":{"line":48,"column":30},"end":{"line":48,"column":31}},"loc":{"start":{"line":48,"column":36},"end":{"line":50,"column":5}},"line":48},"6":{"name":"(anonymous_6)","decl":{"start":{"line":52,"column":35},"end":{"line":52,"column":36}},"loc":{"start":{"line":52,"column":44},"end":{"line":74,"column":1}},"line":52},"7":{"name":"(anonymous_7)","decl":{"start":{"line":53,"column":71},"end":{"line":53,"column":72}},"loc":{"start":{"line":53,"column":82},"end":{"line":59,"column":5}},"line":53},"8":{"name":"(anonymous_8)","decl":{"start":{"line":55,"column":77},"end":{"line":55,"column":78}},"loc":{"start":{"line":55,"column":88},"end":{"line":58,"column":9}},"line":55},"9":{"name":"(anonymous_9)","decl":{"start":{"line":61,"column":20},"end":{"line":61,"column":21}},"loc":{"start":{"line":61,"column":32},"end":{"line":73,"column":5}},"line":61},"10":{"name":"(anonymous_10)","decl":{"start":{"line":68,"column":88},"end":{"line":68,"column":89}},"loc":{"start":{"line":68,"column":99},"end":{"line":70,"column":17}},"line":68}},"branchMap":{"0":{"loc":{"start":{"line":62,"column":8},"end":{"line":72,"column":9}},"type":"if","locations":[{"start":{"line":62,"column":8},"end":{"line":72,"column":9}},{"start":{"line":62,"column":8},"end":{"line":72,"column":9}}],"line":62},"1":{"loc":{"start":{"line":63,"column":12},"end":{"line":71,"column":13}},"type":"if","locations":[{"start":{"line":63,"column":12},"end":{"line":71,"column":13}},{"start":{"line":63,"column":12},"end":{"line":71,"column":13}}],"line":63},"2":{"loc":{"start":{"line":66,"column":17},"end":{"line":71,"column":13}},"type":"if","locations":[{"start":{"line":66,"column":17},"end":{"line":71,"column":13}},{"start":{"line":66,"column":17},"end":{"line":71,"column":13}}],"line":66}},"s":{"0":1,"1":1,"2":1,"3":1,"4":1,"5":1,"6":1,"7":7,"8":7,"9":7,"10":0,"11":0,"12":0,"13":0,"14":0,"15":7,"16":7,"17":7,"18":12,"19":7,"20":0,"21":0,"22":0,"23":0,"24":0,"25":0,"26":0,"27":0,"28":0,"29":0,"30":0,"31":0,"32":0},"f":{"0":1,"1":0,"2":0,"3":0,"4":7,"5":12,"6":0,"7":0,"8":0,"9":0,"10":0},"b":{"0":[0,0],"1":[0,0],"2":[0,0]},"_coverageSchema":"1a1c01bbd47fc00a2c39e90264f33305004495a9","hash":"3cbf826708c788afbe9e68845a5e57bc9acdfb5a"}
,"/Users/oleksandrgribinuk/Desktop/webpacklab5/watchShop/src/router.js": {"path":"/Users/oleksandrgribinuk/Desktop/webpacklab5/watchShop/src/router.js","statementMap":{"0":{"start":{"line":1,"column":20},"end":{"line":44,"column":1}},"1":{"start":{"line":2,"column":1},"end":{"line":2,"column":31}},"2":{"start":{"line":4,"column":20},"end":{"line":4,"column":68}},"3":{"start":{"line":6,"column":14},"end":{"line":11,"column":2}},"4":{"start":{"line":7,"column":2},"end":{"line":10,"column":3}},"5":{"start":{"line":15,"column":21},"end":{"line":32,"column":3}},"6":{"start":{"line":33,"column":19},"end":{"line":33,"column":43}},"7":{"start":{"line":34,"column":1},"end":{"line":43,"column":2}},"8":{"start":{"line":35,"column":2},"end":{"line":35,"column":41}},"9":{"start":{"line":37,"column":14},"end":{"line":39,"column":7}},"10":{"start":{"line":38,"column":3},"end":{"line":38,"column":32}},"11":{"start":{"line":40,"column":2},"end":{"line":42,"column":3}},"12":{"start":{"line":41,"column":2},"end":{"line":41,"column":56}}},"fnMap":{"0":{"name":"(anonymous_0)","decl":{"start":{"line":1,"column":20},"end":{"line":1,"column":21}},"loc":{"start":{"line":1,"column":31},"end":{"line":44,"column":1}},"line":1},"1":{"name":"(anonymous_1)","decl":{"start":{"line":6,"column":14},"end":{"line":6,"column":15}},"loc":{"start":{"line":6,"column":37},"end":{"line":11,"column":2}},"line":6},"2":{"name":"(anonymous_2)","decl":{"start":{"line":37,"column":42},"end":{"line":37,"column":43}},"loc":{"start":{"line":37,"column":54},"end":{"line":39,"column":3}},"line":37}},"branchMap":{"0":{"loc":{"start":{"line":34,"column":1},"end":{"line":43,"column":2}},"type":"if","locations":[{"start":{"line":34,"column":1},"end":{"line":43,"column":2}},{"start":{"line":34,"column":1},"end":{"line":43,"column":2}}],"line":34},"1":{"loc":{"start":{"line":34,"column":4},"end":{"line":34,"column":49}},"type":"binary-expr","locations":[{"start":{"line":34,"column":5},"end":{"line":34,"column":23}},{"start":{"line":34,"column":29},"end":{"line":34,"column":48}}],"line":34},"2":{"loc":{"start":{"line":40,"column":2},"end":{"line":42,"column":3}},"type":"if","locations":[{"start":{"line":40,"column":2},"end":{"line":42,"column":3}},{"start":{"line":40,"column":2},"end":{"line":42,"column":3}}],"line":40}},"s":{"0":8,"1":3,"2":3,"3":3,"4":3,"5":3,"6":3,"7":3,"8":3,"9":0,"10":0,"11":0,"12":0},"f":{"0":3,"1":3,"2":0},"b":{"0":[3,0],"1":[3,3],"2":[0,0]},"_coverageSchema":"1a1c01bbd47fc00a2c39e90264f33305004495a9","hash":"b71c1dd25d4ef68a204e4a4c328f13393d6befee"}
,"/Users/oleksandrgribinuk/Desktop/webpacklab5/watchShop/src/components/Cart/Cart.js": {"path":"/Users/oleksandrgribinuk/Desktop/webpacklab5/watchShop/src/components/Cart/Cart.js","statementMap":{"0":{"start":{"line":12,"column":30},"end":{"line":12,"column":60}},"1":{"start":{"line":13,"column":26},"end":{"line":13,"column":28}},"2":{"start":{"line":14,"column":25},"end":{"line":14,"column":26}},"3":{"start":{"line":15,"column":22},"end":{"line":15,"column":38}},"4":{"start":{"line":16,"column":8},"end":{"line":32,"column":11}},"5":{"start":{"line":17,"column":12},"end":{"line":31,"column":13}},"6":{"start":{"line":18,"column":16},"end":{"line":29,"column":18}},"7":{"start":{"line":30,"column":16},"end":{"line":30,"column":36}},"8":{"start":{"line":34,"column":21},"end":{"line":45,"column":9}},"9":{"start":{"line":46,"column":26},"end":{"line":46,"column":40}},"10":{"start":{"line":47,"column":8},"end":{"line":49,"column":9}},"11":{"start":{"line":48,"column":12},"end":{"line":48,"column":39}},"12":{"start":{"line":57,"column":24},"end":{"line":57,"column":34}}},"fnMap":{"0":{"name":"(anonymous_0)","decl":{"start":{"line":11,"column":4},"end":{"line":11,"column":5}},"loc":{"start":{"line":11,"column":13},"end":{"line":50,"column":5}},"line":11},"1":{"name":"(anonymous_1)","decl":{"start":{"line":16,"column":24},"end":{"line":16,"column":25}},"loc":{"start":{"line":16,"column":54},"end":{"line":32,"column":9}},"line":16}},"branchMap":{"0":{"loc":{"start":{"line":17,"column":12},"end":{"line":31,"column":13}},"type":"if","locations":[{"start":{"line":17,"column":12},"end":{"line":31,"column":13}},{"start":{"line":17,"column":12},"end":{"line":31,"column":13}}],"line":17},"1":{"loc":{"start":{"line":47,"column":8},"end":{"line":49,"column":9}},"type":"if","locations":[{"start":{"line":47,"column":8},"end":{"line":49,"column":9}},{"start":{"line":47,"column":8},"end":{"line":49,"column":9}}],"line":47}},"s":{"0":3,"1":3,"2":3,"3":3,"4":3,"5":0,"6":0,"7":0,"8":3,"9":3,"10":3,"11":0,"12":2},"f":{"0":3,"1":0},"b":{"0":[0,0],"1":[0,3]},"_coverageSchema":"1a1c01bbd47fc00a2c39e90264f33305004495a9","hash":"174895b6dffa00f9ee30a76a286fe6f569539436"}
,"/Users/oleksandrgribinuk/Desktop/webpacklab5/watchShop/src/components/Description/Description.js": {"path":"/Users/oleksandrgribinuk/Desktop/webpacklab5/watchShop/src/components/Description/Description.js","statementMap":{"0":{"start":{"line":1,"column":25},"end":{"line":1,"column":63}},"1":{"start":{"line":4,"column":35},"end":{"line":6,"column":1}},"2":{"start":{"line":5,"column":4},"end":{"line":5,"column":28}},"3":{"start":{"line":13,"column":8},"end":{"line":15,"column":9}},"4":{"start":{"line":14,"column":12},"end":{"line":14,"column":44}},"5":{"start":{"line":19,"column":8},"end":{"line":19,"column":35}},"6":{"start":{"line":23,"column":22},"end":{"line":23,"column":34}},"7":{"start":{"line":24,"column":26},"end":{"line":24,"column":28}},"8":{"start":{"line":25,"column":20},"end":{"line":25,"column":22}},"9":{"start":{"line":27,"column":8},"end":{"line":40,"column":11}},"10":{"start":{"line":29,"column":12},"end":{"line":39,"column":13}},"11":{"start":{"line":30,"column":16},"end":{"line":38,"column":18}},"12":{"start":{"line":42,"column":21},"end":{"line":49,"column":9}},"13":{"start":{"line":50,"column":8},"end":{"line":52,"column":9}},"14":{"start":{"line":51,"column":12},"end":{"line":51,"column":46}},"15":{"start":{"line":56,"column":31},"end":{"line":56,"column":48}}},"fnMap":{"0":{"name":"(anonymous_0)","decl":{"start":{"line":4,"column":35},"end":{"line":4,"column":36}},"loc":{"start":{"line":4,"column":41},"end":{"line":6,"column":1}},"line":4},"1":{"name":"(anonymous_1)","decl":{"start":{"line":12,"column":4},"end":{"line":12,"column":5}},"loc":{"start":{"line":12,"column":19},"end":{"line":16,"column":5}},"line":12},"2":{"name":"(anonymous_2)","decl":{"start":{"line":18,"column":4},"end":{"line":18,"column":5}},"loc":{"start":{"line":18,"column":39},"end":{"line":20,"column":5}},"line":18},"3":{"name":"(anonymous_3)","decl":{"start":{"line":22,"column":4},"end":{"line":22,"column":5}},"loc":{"start":{"line":22,"column":15},"end":{"line":53,"column":5}},"line":22},"4":{"name":"(anonymous_4)","decl":{"start":{"line":27,"column":24},"end":{"line":27,"column":25}},"loc":{"start":{"line":27,"column":75},"end":{"line":40,"column":9}},"line":27}},"branchMap":{"0":{"loc":{"start":{"line":13,"column":8},"end":{"line":15,"column":9}},"type":"if","locations":[{"start":{"line":13,"column":8},"end":{"line":15,"column":9}},{"start":{"line":13,"column":8},"end":{"line":15,"column":9}}],"line":13},"1":{"loc":{"start":{"line":29,"column":12},"end":{"line":39,"column":13}},"type":"if","locations":[{"start":{"line":29,"column":12},"end":{"line":39,"column":13}},{"start":{"line":29,"column":12},"end":{"line":39,"column":13}}],"line":29},"2":{"loc":{"start":{"line":50,"column":8},"end":{"line":52,"column":9}},"type":"if","locations":[{"start":{"line":50,"column":8},"end":{"line":52,"column":9}},{"start":{"line":50,"column":8},"end":{"line":52,"column":9}}],"line":50}},"s":{"0":7,"1":7,"2":3,"3":1,"4":0,"5":1,"6":3,"7":3,"8":3,"9":3,"10":0,"11":0,"12":3,"13":3,"14":0,"15":7},"f":{"0":3,"1":1,"2":1,"3":3,"4":0},"b":{"0":[0,1],"1":[0,0],"2":[0,3]},"_coverageSchema":"1a1c01bbd47fc00a2c39e90264f33305004495a9","hash":"8a2683f038a94050fd42cf87ab1e0e2f9445fb94"}
,"/Users/oleksandrgribinuk/Desktop/webpacklab5/watchShop/src/components/Error/Error.js": {"path":"/Users/oleksandrgribinuk/Desktop/webpacklab5/watchShop/src/components/Error/Error.js","statementMap":{"0":{"start":{"line":1,"column":19},"end":{"line":1,"column":51}},"1":{"start":{"line":4,"column":21},"end":{"line":11,"column":9}},"2":{"start":{"line":12,"column":8},"end":{"line":14,"column":9}},"3":{"start":{"line":13,"column":12},"end":{"line":13,"column":40}},"4":{"start":{"line":18,"column":25},"end":{"line":18,"column":36}}},"fnMap":{"0":{"name":"(anonymous_0)","decl":{"start":{"line":3,"column":4},"end":{"line":3,"column":5}},"loc":{"start":{"line":3,"column":13},"end":{"line":15,"column":5}},"line":3}},"branchMap":{"0":{"loc":{"start":{"line":12,"column":8},"end":{"line":14,"column":9}},"type":"if","locations":[{"start":{"line":12,"column":8},"end":{"line":14,"column":9}},{"start":{"line":12,"column":8},"end":{"line":14,"column":9}}],"line":12}},"s":{"0":7,"1":9,"2":9,"3":0,"4":7},"f":{"0":9},"b":{"0":[0,9]},"_coverageSchema":"1a1c01bbd47fc00a2c39e90264f33305004495a9","hash":"eaf98dfd74169d9d9ecef4d71e35010bbad363db"}
,"/Users/oleksandrgribinuk/Desktop/webpacklab5/watchShop/src/components/Footer/Footer.js": {"path":"/Users/oleksandrgribinuk/Desktop/webpacklab5/watchShop/src/components/Footer/Footer.js","statementMap":{"0":{"start":{"line":1,"column":20},"end":{"line":1,"column":53}},"1":{"start":{"line":3,"column":25},"end":{"line":5,"column":1}},"2":{"start":{"line":4,"column":4},"end":{"line":4,"column":23}},"3":{"start":{"line":9,"column":21},"end":{"line":17,"column":9}},"4":{"start":{"line":18,"column":8},"end":{"line":20,"column":9}},"5":{"start":{"line":19,"column":12},"end":{"line":19,"column":41}},"6":{"start":{"line":24,"column":26},"end":{"line":24,"column":38}}},"fnMap":{"0":{"name":"(anonymous_0)","decl":{"start":{"line":3,"column":25},"end":{"line":3,"column":26}},"loc":{"start":{"line":3,"column":31},"end":{"line":5,"column":1}},"line":3},"1":{"name":"(anonymous_1)","decl":{"start":{"line":8,"column":4},"end":{"line":8,"column":5}},"loc":{"start":{"line":8,"column":13},"end":{"line":21,"column":5}},"line":8}},"branchMap":{"0":{"loc":{"start":{"line":18,"column":8},"end":{"line":20,"column":9}},"type":"if","locations":[{"start":{"line":18,"column":8},"end":{"line":20,"column":9}},{"start":{"line":18,"column":8},"end":{"line":20,"column":9}}],"line":18}},"s":{"0":8,"1":8,"2":1,"3":2,"4":2,"5":0,"6":8},"f":{"0":1,"1":2},"b":{"0":[0,2]},"_coverageSchema":"1a1c01bbd47fc00a2c39e90264f33305004495a9","hash":"a19351041be49be1052b8cf512c41151248759cb"}
,"/Users/oleksandrgribinuk/Desktop/webpacklab5/watchShop/src/components/Header/Header.js": {"path":"/Users/oleksandrgribinuk/Desktop/webpacklab5/watchShop/src/components/Header/Header.js","statementMap":{"0":{"start":{"line":1,"column":20},"end":{"line":1,"column":53}},"1":{"start":{"line":2,"column":30},"end":{"line":4,"column":1}},"2":{"start":{"line":3,"column":4},"end":{"line":3,"column":23}},"3":{"start":{"line":8,"column":8},"end":{"line":8,"column":30}},"4":{"start":{"line":12,"column":8},"end":{"line":14,"column":9}},"5":{"start":{"line":13,"column":12},"end":{"line":13,"column":39}},"6":{"start":{"line":15,"column":21},"end":{"line":35,"column":9}},"7":{"start":{"line":36,"column":8},"end":{"line":38,"column":9}},"8":{"start":{"line":37,"column":12},"end":{"line":37,"column":41}},"9":{"start":{"line":44,"column":26},"end":{"line":44,"column":38}}},"fnMap":{"0":{"name":"(anonymous_0)","decl":{"start":{"line":2,"column":30},"end":{"line":2,"column":31}},"loc":{"start":{"line":2,"column":36},"end":{"line":4,"column":1}},"line":2},"1":{"name":"(anonymous_1)","decl":{"start":{"line":7,"column":4},"end":{"line":7,"column":5}},"loc":{"start":{"line":7,"column":30},"end":{"line":9,"column":5}},"line":7},"2":{"name":"(anonymous_2)","decl":{"start":{"line":11,"column":4},"end":{"line":11,"column":5}},"loc":{"start":{"line":11,"column":18},"end":{"line":41,"column":5}},"line":11}},"branchMap":{"0":{"loc":{"start":{"line":12,"column":8},"end":{"line":14,"column":9}},"type":"if","locations":[{"start":{"line":12,"column":8},"end":{"line":14,"column":9}},{"start":{"line":12,"column":8},"end":{"line":14,"column":9}}],"line":12},"1":{"loc":{"start":{"line":36,"column":8},"end":{"line":38,"column":9}},"type":"if","locations":[{"start":{"line":36,"column":8},"end":{"line":38,"column":9}},{"start":{"line":36,"column":8},"end":{"line":38,"column":9}}],"line":36}},"s":{"0":7,"1":7,"2":1,"3":1,"4":3,"5":0,"6":3,"7":3,"8":0,"9":7},"f":{"0":1,"1":1,"2":3},"b":{"0":[0,3],"1":[0,3]},"_coverageSchema":"1a1c01bbd47fc00a2c39e90264f33305004495a9","hash":"c18634f6d9425fb5acf4de53d5f540693b7eae82"}
,"/Users/oleksandrgribinuk/Desktop/webpacklab5/watchShop/src/components/Menu/Menu.js": {"path":"/Users/oleksandrgribinuk/Desktop/webpacklab5/watchShop/src/components/Menu/Menu.js","statementMap":{"0":{"start":{"line":1,"column":18},"end":{"line":1,"column":49}},"1":{"start":{"line":2,"column":28},"end":{"line":4,"column":1}},"2":{"start":{"line":3,"column":4},"end":{"line":3,"column":21}},"3":{"start":{"line":8,"column":21},"end":{"line":17,"column":9}},"4":{"start":{"line":18,"column":8},"end":{"line":20,"column":9}},"5":{"start":{"line":19,"column":12},"end":{"line":19,"column":39}},"6":{"start":{"line":23,"column":30},"end":{"line":23,"column":40}}},"fnMap":{"0":{"name":"(anonymous_0)","decl":{"start":{"line":2,"column":28},"end":{"line":2,"column":29}},"loc":{"start":{"line":2,"column":34},"end":{"line":4,"column":1}},"line":2},"1":{"name":"(anonymous_1)","decl":{"start":{"line":7,"column":4},"end":{"line":7,"column":5}},"loc":{"start":{"line":7,"column":13},"end":{"line":20,"column":10}},"line":7}},"branchMap":{"0":{"loc":{"start":{"line":18,"column":8},"end":{"line":20,"column":9}},"type":"if","locations":[{"start":{"line":18,"column":8},"end":{"line":20,"column":9}},{"start":{"line":18,"column":8},"end":{"line":20,"column":9}}],"line":18}},"s":{"0":8,"1":8,"2":2,"3":4,"4":4,"5":0,"6":8},"f":{"0":2,"1":4},"b":{"0":[0,4]},"_coverageSchema":"1a1c01bbd47fc00a2c39e90264f33305004495a9","hash":"aefbf843937ab943e9b7da9959ecba5cfe898e4e"}
,"/Users/oleksandrgribinuk/Desktop/webpacklab5/watchShop/src/components/Products/Products.js": {"path":"/Users/oleksandrgribinuk/Desktop/webpacklab5/watchShop/src/components/Products/Products.js","statementMap":{"0":{"start":{"line":1,"column":22},"end":{"line":1,"column":57}},"1":{"start":{"line":5,"column":32},"end":{"line":7,"column":1}},"2":{"start":{"line":6,"column":4},"end":{"line":6,"column":25}},"3":{"start":{"line":11,"column":8},"end":{"line":11,"column":62}},"4":{"start":{"line":12,"column":8},"end":{"line":12,"column":45}},"5":{"start":{"line":13,"column":8},"end":{"line":13,"column":48}},"6":{"start":{"line":16,"column":42},"end":{"line":16,"column":74}},"7":{"start":{"line":18,"column":8},"end":{"line":29,"column":9}},"8":{"start":{"line":19,"column":12},"end":{"line":19,"column":37}},"9":{"start":{"line":20,"column":12},"end":{"line":23,"column":13}},"10":{"start":{"line":21,"column":16},"end":{"line":21,"column":60}},"11":{"start":{"line":22,"column":16},"end":{"line":22,"column":53}},"12":{"start":{"line":25,"column":12},"end":{"line":28,"column":13}},"13":{"start":{"line":26,"column":16},"end":{"line":26,"column":63}},"14":{"start":{"line":27,"column":16},"end":{"line":27,"column":50}},"15":{"start":{"line":31,"column":8},"end":{"line":31,"column":43}},"16":{"start":{"line":35,"column":22},"end":{"line":35,"column":34}},"17":{"start":{"line":36,"column":30},"end":{"line":36,"column":60}},"18":{"start":{"line":37,"column":26},"end":{"line":37,"column":28}},"19":{"start":{"line":39,"column":8},"end":{"line":64,"column":11}},"20":{"start":{"line":40,"column":30},"end":{"line":40,"column":32}},"21":{"start":{"line":41,"column":29},"end":{"line":41,"column":31}},"22":{"start":{"line":42,"column":12},"end":{"line":47,"column":13}},"23":{"start":{"line":43,"column":16},"end":{"line":43,"column":43}},"24":{"start":{"line":45,"column":16},"end":{"line":45,"column":57}},"25":{"start":{"line":46,"column":16},"end":{"line":46,"column":46}},"26":{"start":{"line":50,"column":12},"end":{"line":62,"column":18}},"27":{"start":{"line":66,"column":21},"end":{"line":70,"column":9}},"28":{"start":{"line":71,"column":8},"end":{"line":73,"column":9}},"29":{"start":{"line":72,"column":12},"end":{"line":72,"column":43}},"30":{"start":{"line":74,"column":8},"end":{"line":76,"column":11}},"31":{"start":{"line":75,"column":12},"end":{"line":75,"column":44}},"32":{"start":{"line":84,"column":28},"end":{"line":84,"column":42}},"33":{"start":{"line":87,"column":27},"end":{"line":201,"column":1}},"34":{"start":{"line":88,"column":12},"end":{"line":88,"column":55}},"35":{"start":{"line":89,"column":12},"end":{"line":89,"column":55}},"36":{"start":{"line":90,"column":22},"end":{"line":90,"column":24}},"37":{"start":{"line":91,"column":26},"end":{"line":91,"column":56}},"38":{"start":{"line":92,"column":18},"end":{"line":92,"column":30}},"39":{"start":{"line":93,"column":4},"end":{"line":191,"column":5}},"40":{"start":{"line":94,"column":8},"end":{"line":190,"column":9}},"41":{"start":{"line":95,"column":12},"end":{"line":95,"column":29}},"42":{"start":{"line":96,"column":12},"end":{"line":125,"column":15}},"43":{"start":{"line":97,"column":34},"end":{"line":97,"column":36}},"44":{"start":{"line":98,"column":33},"end":{"line":98,"column":35}},"45":{"start":{"line":99,"column":16},"end":{"line":101,"column":17}},"46":{"start":{"line":100,"column":20},"end":{"line":100,"column":36}},"47":{"start":{"line":102,"column":16},"end":{"line":107,"column":17}},"48":{"start":{"line":103,"column":20},"end":{"line":103,"column":47}},"49":{"start":{"line":105,"column":20},"end":{"line":105,"column":61}},"50":{"start":{"line":106,"column":20},"end":{"line":106,"column":50}},"51":{"start":{"line":109,"column":16},"end":{"line":124,"column":17}},"52":{"start":{"line":110,"column":20},"end":{"line":122,"column":10}},"53":{"start":{"line":127,"column":13},"end":{"line":190,"column":9}},"54":{"start":{"line":128,"column":12},"end":{"line":128,"column":29}},"55":{"start":{"line":129,"column":12},"end":{"line":158,"column":15}},"56":{"start":{"line":130,"column":34},"end":{"line":130,"column":36}},"57":{"start":{"line":131,"column":33},"end":{"line":131,"column":35}},"58":{"start":{"line":132,"column":16},"end":{"line":134,"column":17}},"59":{"start":{"line":133,"column":20},"end":{"line":133,"column":36}},"60":{"start":{"line":135,"column":16},"end":{"line":140,"column":17}},"61":{"start":{"line":136,"column":20},"end":{"line":136,"column":47}},"62":{"start":{"line":138,"column":20},"end":{"line":138,"column":61}},"63":{"start":{"line":142,"column":16},"end":{"line":157,"column":17}},"64":{"start":{"line":143,"column":20},"end":{"line":155,"column":6}},"65":{"start":{"line":160,"column":12},"end":{"line":160,"column":29}},"66":{"start":{"line":161,"column":12},"end":{"line":189,"column":15}},"67":{"start":{"line":162,"column":34},"end":{"line":162,"column":36}},"68":{"start":{"line":163,"column":33},"end":{"line":163,"column":35}},"69":{"start":{"line":164,"column":16},"end":{"line":166,"column":17}},"70":{"start":{"line":165,"column":20},"end":{"line":165,"column":36}},"71":{"start":{"line":167,"column":16},"end":{"line":172,"column":17}},"72":{"start":{"line":168,"column":20},"end":{"line":168,"column":47}},"73":{"start":{"line":170,"column":20},"end":{"line":170,"column":61}},"74":{"start":{"line":175,"column":16},"end":{"line":187,"column":2}},"75":{"start":{"line":193,"column":17},"end":{"line":197,"column":1}},"76":{"start":{"line":198,"column":4},"end":{"line":200,"column":5}},"77":{"start":{"line":199,"column":8},"end":{"line":199,"column":39}}},"fnMap":{"0":{"name":"(anonymous_0)","decl":{"start":{"line":5,"column":32},"end":{"line":5,"column":33}},"loc":{"start":{"line":5,"column":38},"end":{"line":7,"column":1}},"line":5},"1":{"name":"(anonymous_1)","decl":{"start":{"line":10,"column":4},"end":{"line":10,"column":5}},"loc":{"start":{"line":10,"column":18},"end":{"line":14,"column":5}},"line":10},"2":{"name":"(anonymous_2)","decl":{"start":{"line":15,"column":4},"end":{"line":15,"column":5}},"loc":{"start":{"line":15,"column":40},"end":{"line":32,"column":5}},"line":15},"3":{"name":"(anonymous_3)","decl":{"start":{"line":34,"column":4},"end":{"line":34,"column":5}},"loc":{"start":{"line":34,"column":13},"end":{"line":80,"column":5}},"line":34},"4":{"name":"(anonymous_4)","decl":{"start":{"line":39,"column":24},"end":{"line":39,"column":25}},"loc":{"start":{"line":39,"column":54},"end":{"line":64,"column":9}},"line":39},"5":{"name":"(anonymous_5)","decl":{"start":{"line":74,"column":52},"end":{"line":74,"column":53}},"loc":{"start":{"line":74,"column":65},"end":{"line":76,"column":9}},"line":74},"6":{"name":"(anonymous_6)","decl":{"start":{"line":87,"column":27},"end":{"line":87,"column":28}},"loc":{"start":{"line":87,"column":38},"end":{"line":201,"column":1}},"line":87},"7":{"name":"(anonymous_7)","decl":{"start":{"line":96,"column":28},"end":{"line":96,"column":29}},"loc":{"start":{"line":96,"column":66},"end":{"line":125,"column":13}},"line":96},"8":{"name":"(anonymous_8)","decl":{"start":{"line":129,"column":28},"end":{"line":129,"column":29}},"loc":{"start":{"line":129,"column":66},"end":{"line":158,"column":13}},"line":129},"9":{"name":"(anonymous_9)","decl":{"start":{"line":161,"column":28},"end":{"line":161,"column":29}},"loc":{"start":{"line":161,"column":58},"end":{"line":189,"column":13}},"line":161}},"branchMap":{"0":{"loc":{"start":{"line":18,"column":8},"end":{"line":29,"column":9}},"type":"if","locations":[{"start":{"line":18,"column":8},"end":{"line":29,"column":9}},{"start":{"line":18,"column":8},"end":{"line":29,"column":9}}],"line":18},"1":{"loc":{"start":{"line":20,"column":12},"end":{"line":23,"column":13}},"type":"if","locations":[{"start":{"line":20,"column":12},"end":{"line":23,"column":13}},{"start":{"line":20,"column":12},"end":{"line":23,"column":13}}],"line":20},"2":{"loc":{"start":{"line":25,"column":12},"end":{"line":28,"column":13}},"type":"if","locations":[{"start":{"line":25,"column":12},"end":{"line":28,"column":13}},{"start":{"line":25,"column":12},"end":{"line":28,"column":13}}],"line":25},"3":{"loc":{"start":{"line":42,"column":12},"end":{"line":47,"column":13}},"type":"if","locations":[{"start":{"line":42,"column":12},"end":{"line":47,"column":13}},{"start":{"line":42,"column":12},"end":{"line":47,"column":13}}],"line":42},"4":{"loc":{"start":{"line":71,"column":8},"end":{"line":73,"column":9}},"type":"if","locations":[{"start":{"line":71,"column":8},"end":{"line":73,"column":9}},{"start":{"line":71,"column":8},"end":{"line":73,"column":9}}],"line":71},"5":{"loc":{"start":{"line":93,"column":4},"end":{"line":191,"column":5}},"type":"if","locations":[{"start":{"line":93,"column":4},"end":{"line":191,"column":5}},{"start":{"line":93,"column":4},"end":{"line":191,"column":5}}],"line":93},"6":{"loc":{"start":{"line":93,"column":8},"end":{"line":93,"column":34}},"type":"binary-expr","locations":[{"start":{"line":93,"column":9},"end":{"line":93,"column":18}},{"start":{"line":93,"column":24},"end":{"line":93,"column":33}}],"line":93},"7":{"loc":{"start":{"line":94,"column":8},"end":{"line":190,"column":9}},"type":"if","locations":[{"start":{"line":94,"column":8},"end":{"line":190,"column":9}},{"start":{"line":94,"column":8},"end":{"line":190,"column":9}}],"line":94},"8":{"loc":{"start":{"line":94,"column":12},"end":{"line":94,"column":35}},"type":"binary-expr","locations":[{"start":{"line":94,"column":12},"end":{"line":94,"column":21}},{"start":{"line":94,"column":25},"end":{"line":94,"column":35}}],"line":94},"9":{"loc":{"start":{"line":99,"column":16},"end":{"line":101,"column":17}},"type":"if","locations":[{"start":{"line":99,"column":16},"end":{"line":101,"column":17}},{"start":{"line":99,"column":16},"end":{"line":101,"column":17}}],"line":99},"10":{"loc":{"start":{"line":102,"column":16},"end":{"line":107,"column":17}},"type":"if","locations":[{"start":{"line":102,"column":16},"end":{"line":107,"column":17}},{"start":{"line":102,"column":16},"end":{"line":107,"column":17}}],"line":102},"11":{"loc":{"start":{"line":109,"column":16},"end":{"line":124,"column":17}},"type":"if","locations":[{"start":{"line":109,"column":16},"end":{"line":124,"column":17}},{"start":{"line":109,"column":16},"end":{"line":124,"column":17}}],"line":109},"12":{"loc":{"start":{"line":127,"column":13},"end":{"line":190,"column":9}},"type":"if","locations":[{"start":{"line":127,"column":13},"end":{"line":190,"column":9}},{"start":{"line":127,"column":13},"end":{"line":190,"column":9}}],"line":127},"13":{"loc":{"start":{"line":127,"column":17},"end":{"line":127,"column":40}},"type":"binary-expr","locations":[{"start":{"line":127,"column":17},"end":{"line":127,"column":26}},{"start":{"line":127,"column":30},"end":{"line":127,"column":40}}],"line":127},"14":{"loc":{"start":{"line":132,"column":16},"end":{"line":134,"column":17}},"type":"if","locations":[{"start":{"line":132,"column":16},"end":{"line":134,"column":17}},{"start":{"line":132,"column":16},"end":{"line":134,"column":17}}],"line":132},"15":{"loc":{"start":{"line":135,"column":16},"end":{"line":140,"column":17}},"type":"if","locations":[{"start":{"line":135,"column":16},"end":{"line":140,"column":17}},{"start":{"line":135,"column":16},"end":{"line":140,"column":17}}],"line":135},"16":{"loc":{"start":{"line":142,"column":16},"end":{"line":157,"column":17}},"type":"if","locations":[{"start":{"line":142,"column":16},"end":{"line":157,"column":17}},{"start":{"line":142,"column":16},"end":{"line":157,"column":17}}],"line":142},"17":{"loc":{"start":{"line":164,"column":16},"end":{"line":166,"column":17}},"type":"if","locations":[{"start":{"line":164,"column":16},"end":{"line":166,"column":17}},{"start":{"line":164,"column":16},"end":{"line":166,"column":17}}],"line":164},"18":{"loc":{"start":{"line":167,"column":16},"end":{"line":172,"column":17}},"type":"if","locations":[{"start":{"line":167,"column":16},"end":{"line":172,"column":17}},{"start":{"line":167,"column":16},"end":{"line":172,"column":17}}],"line":167},"19":{"loc":{"start":{"line":198,"column":4},"end":{"line":200,"column":5}},"type":"if","locations":[{"start":{"line":198,"column":4},"end":{"line":200,"column":5}},{"start":{"line":198,"column":4},"end":{"line":200,"column":5}}],"line":198}},"s":{"0":7,"1":7,"2":2,"3":9,"4":9,"5":9,"6":1,"7":1,"8":1,"9":1,"10":0,"11":0,"12":0,"13":0,"14":0,"15":1,"16":2,"17":2,"18":2,"19":2,"20":0,"21":0,"22":0,"23":0,"24":0,"25":0,"26":0,"27":2,"28":2,"29":0,"30":2,"31":0,"32":7,"33":7,"34":1,"35":1,"36":1,"37":1,"38":1,"39":1,"40":0,"41":0,"42":0,"43":0,"44":0,"45":0,"46":0,"47":0,"48":0,"49":0,"50":0,"51":0,"52":0,"53":0,"54":0,"55":0,"56":0,"57":0,"58":0,"59":0,"60":0,"61":0,"62":0,"63":0,"64":0,"65":0,"66":0,"67":0,"68":0,"69":0,"70":0,"71":0,"72":0,"73":0,"74":0,"75":1,"76":1,"77":0},"f":{"0":2,"1":9,"2":1,"3":2,"4":0,"5":0,"6":1,"7":0,"8":0,"9":0},"b":{"0":[1,0],"1":[0,1],"2":[0,0],"3":[0,0],"4":[0,2],"5":[0,1],"6":[1,0],"7":[0,0],"8":[0,0],"9":[0,0],"10":[0,0],"11":[0,0],"12":[0,0],"13":[0,0],"14":[0,0],"15":[0,0],"16":[0,0],"17":[0,0],"18":[0,0],"19":[0,1]},"_coverageSchema":"1a1c01bbd47fc00a2c39e90264f33305004495a9","hash":"9412d78ec47caabd6b07bc7fe152853b06957838"}
,"/Users/oleksandrgribinuk/Desktop/webpacklab5/watchShop/src/components/Shopping/Shopping.js": {"path":"/Users/oleksandrgribinuk/Desktop/webpacklab5/watchShop/src/components/Shopping/Shopping.js","statementMap":{"0":{"start":{"line":1,"column":22},"end":{"line":1,"column":57}},"1":{"start":{"line":2,"column":32},"end":{"line":4,"column":1}},"2":{"start":{"line":3,"column":4},"end":{"line":3,"column":25}},"3":{"start":{"line":9,"column":8},"end":{"line":11,"column":9}},"4":{"start":{"line":10,"column":12},"end":{"line":10,"column":41}},"5":{"start":{"line":15,"column":30},"end":{"line":15,"column":60}},"6":{"start":{"line":16,"column":26},"end":{"line":16,"column":28}},"7":{"start":{"line":17,"column":25},"end":{"line":17,"column":26}},"8":{"start":{"line":18,"column":22},"end":{"line":18,"column":34}},"9":{"start":{"line":19,"column":8},"end":{"line":29,"column":11}},"10":{"start":{"line":20,"column":12},"end":{"line":28,"column":13}},"11":{"start":{"line":21,"column":16},"end":{"line":26,"column":18}},"12":{"start":{"line":27,"column":16},"end":{"line":27,"column":36}},"13":{"start":{"line":31,"column":21},"end":{"line":42,"column":9}},"14":{"start":{"line":43,"column":8},"end":{"line":45,"column":9}},"15":{"start":{"line":44,"column":12},"end":{"line":44,"column":43}},"16":{"start":{"line":48,"column":28},"end":{"line":48,"column":42}}},"fnMap":{"0":{"name":"(anonymous_0)","decl":{"start":{"line":2,"column":32},"end":{"line":2,"column":33}},"loc":{"start":{"line":2,"column":38},"end":{"line":4,"column":1}},"line":2},"1":{"name":"(anonymous_1)","decl":{"start":{"line":8,"column":4},"end":{"line":8,"column":5}},"loc":{"start":{"line":8,"column":19},"end":{"line":12,"column":5}},"line":8},"2":{"name":"(anonymous_2)","decl":{"start":{"line":14,"column":4},"end":{"line":14,"column":5}},"loc":{"start":{"line":14,"column":13},"end":{"line":45,"column":10}},"line":14},"3":{"name":"(anonymous_3)","decl":{"start":{"line":19,"column":24},"end":{"line":19,"column":25}},"loc":{"start":{"line":19,"column":49},"end":{"line":29,"column":9}},"line":19}},"branchMap":{"0":{"loc":{"start":{"line":9,"column":8},"end":{"line":11,"column":9}},"type":"if","locations":[{"start":{"line":9,"column":8},"end":{"line":11,"column":9}},{"start":{"line":9,"column":8},"end":{"line":11,"column":9}}],"line":9},"1":{"loc":{"start":{"line":20,"column":12},"end":{"line":28,"column":13}},"type":"if","locations":[{"start":{"line":20,"column":12},"end":{"line":28,"column":13}},{"start":{"line":20,"column":12},"end":{"line":28,"column":13}}],"line":20},"2":{"loc":{"start":{"line":43,"column":8},"end":{"line":45,"column":9}},"type":"if","locations":[{"start":{"line":43,"column":8},"end":{"line":45,"column":9}},{"start":{"line":43,"column":8},"end":{"line":45,"column":9}}],"line":43}},"s":{"0":7,"1":7,"2":2,"3":1,"4":0,"5":3,"6":3,"7":3,"8":3,"9":3,"10":0,"11":0,"12":0,"13":3,"14":3,"15":0,"16":7},"f":{"0":2,"1":1,"2":3,"3":0},"b":{"0":[0,1],"1":[0,0],"2":[0,3]},"_coverageSchema":"1a1c01bbd47fc00a2c39e90264f33305004495a9","hash":"8449e0dc587b67f3f71c587752b3bc1a363a80fb"}
,"/Users/oleksandrgribinuk/Desktop/webpacklab5/watchShop/src/components/Slider/Slider.js": {"path":"/Users/oleksandrgribinuk/Desktop/webpacklab5/watchShop/src/components/Slider/Slider.js","statementMap":{"0":{"start":{"line":1,"column":20},"end":{"line":1,"column":53}},"1":{"start":{"line":3,"column":30},"end":{"line":5,"column":1}},"2":{"start":{"line":4,"column":4},"end":{"line":4,"column":23}},"3":{"start":{"line":12,"column":21},"end":{"line":21,"column":9}},"4":{"start":{"line":22,"column":8},"end":{"line":22,"column":21}},"5":{"start":{"line":23,"column":19},"end":{"line":23,"column":20}},"6":{"start":{"line":28,"column":12},"end":{"line":37,"column":21}},"7":{"start":{"line":29,"column":26},"end":{"line":29,"column":56}},"8":{"start":{"line":30,"column":16},"end":{"line":30,"column":34}},"9":{"start":{"line":31,"column":16},"end":{"line":34,"column":17}},"10":{"start":{"line":32,"column":20},"end":{"line":32,"column":29}},"11":{"start":{"line":33,"column":20},"end":{"line":33,"column":40}},"12":{"start":{"line":35,"column":16},"end":{"line":35,"column":45}},"13":{"start":{"line":36,"column":16},"end":{"line":36,"column":30}},"14":{"start":{"line":40,"column":8},"end":{"line":42,"column":9}},"15":{"start":{"line":41,"column":12},"end":{"line":41,"column":41}},"16":{"start":{"line":46,"column":26},"end":{"line":46,"column":38}}},"fnMap":{"0":{"name":"(anonymous_0)","decl":{"start":{"line":3,"column":30},"end":{"line":3,"column":31}},"loc":{"start":{"line":3,"column":36},"end":{"line":5,"column":1}},"line":3},"1":{"name":"(anonymous_1)","decl":{"start":{"line":9,"column":4},"end":{"line":9,"column":5}},"loc":{"start":{"line":9,"column":13},"end":{"line":43,"column":5}},"line":9},"2":{"name":"autoSlider","decl":{"start":{"line":27,"column":17},"end":{"line":27,"column":27}},"loc":{"start":{"line":27,"column":31},"end":{"line":38,"column":9}},"line":27},"3":{"name":"(anonymous_3)","decl":{"start":{"line":28,"column":31},"end":{"line":28,"column":32}},"loc":{"start":{"line":28,"column":43},"end":{"line":37,"column":13}},"line":28}},"branchMap":{"0":{"loc":{"start":{"line":31,"column":16},"end":{"line":34,"column":17}},"type":"if","locations":[{"start":{"line":31,"column":16},"end":{"line":34,"column":17}},{"start":{"line":31,"column":16},"end":{"line":34,"column":17}}],"line":31},"1":{"loc":{"start":{"line":40,"column":8},"end":{"line":42,"column":9}},"type":"if","locations":[{"start":{"line":40,"column":8},"end":{"line":42,"column":9}},{"start":{"line":40,"column":8},"end":{"line":42,"column":9}}],"line":40}},"s":{"0":8,"1":8,"2":2,"3":2,"4":2,"5":2,"6":2,"7":0,"8":0,"9":0,"10":0,"11":0,"12":0,"13":0,"14":2,"15":0,"16":8},"f":{"0":2,"1":2,"2":2,"3":0},"b":{"0":[0,0],"1":[0,2]},"_coverageSchema":"1a1c01bbd47fc00a2c39e90264f33305004495a9","hash":"3e4b65e5f74951af1ef4f1842782815f0440d872"}
,"/Users/oleksandrgribinuk/Desktop/webpacklab5/watchShop/src/components/Spinner/Spinner.js": {"path":"/Users/oleksandrgribinuk/Desktop/webpacklab5/watchShop/src/components/Spinner/Spinner.js","statementMap":{"0":{"start":{"line":1,"column":21},"end":{"line":1,"column":55}},"1":{"start":{"line":4,"column":8},"end":{"line":6,"column":9}},"2":{"start":{"line":5,"column":12},"end":{"line":5,"column":40}},"3":{"start":{"line":10,"column":21},"end":{"line":14,"column":9}},"4":{"start":{"line":15,"column":8},"end":{"line":17,"column":9}},"5":{"start":{"line":16,"column":12},"end":{"line":16,"column":42}},"6":{"start":{"line":21,"column":27},"end":{"line":21,"column":40}}},"fnMap":{"0":{"name":"(anonymous_0)","decl":{"start":{"line":3,"column":4},"end":{"line":3,"column":5}},"loc":{"start":{"line":3,"column":18},"end":{"line":7,"column":5}},"line":3},"1":{"name":"(anonymous_1)","decl":{"start":{"line":9,"column":4},"end":{"line":9,"column":5}},"loc":{"start":{"line":9,"column":13},"end":{"line":18,"column":5}},"line":9}},"branchMap":{"0":{"loc":{"start":{"line":4,"column":8},"end":{"line":6,"column":9}},"type":"if","locations":[{"start":{"line":4,"column":8},"end":{"line":6,"column":9}},{"start":{"line":4,"column":8},"end":{"line":6,"column":9}}],"line":4},"1":{"loc":{"start":{"line":15,"column":8},"end":{"line":17,"column":9}},"type":"if","locations":[{"start":{"line":15,"column":8},"end":{"line":17,"column":9}},{"start":{"line":15,"column":8},"end":{"line":17,"column":9}}],"line":15}},"s":{"0":7,"1":9,"2":0,"3":9,"4":9,"5":0,"6":7},"f":{"0":9,"1":9},"b":{"0":[0,9],"1":[0,9]},"_coverageSchema":"1a1c01bbd47fc00a2c39e90264f33305004495a9","hash":"b4da4913bb1667c34d3b9511738fd9582234a60d"}
,"/Users/oleksandrgribinuk/Desktop/webpacklab5/watchShop/src/utils/localStorageUtil.js": {"path":"/Users/oleksandrgribinuk/Desktop/webpacklab5/watchShop/src/utils/localStorageUtil.js","statementMap":{"0":{"start":{"line":3,"column":8},"end":{"line":3,"column":34}},"1":{"start":{"line":6,"column":37},"end":{"line":6,"column":71}},"2":{"start":{"line":7,"column":8},"end":{"line":9,"column":9}},"3":{"start":{"line":8,"column":12},"end":{"line":8,"column":52}},"4":{"start":{"line":10,"column":8},"end":{"line":10,"column":18}},"5":{"start":{"line":13,"column":23},"end":{"line":13,"column":41}},"6":{"start":{"line":14,"column":26},"end":{"line":14,"column":31}},"7":{"start":{"line":15,"column":22},"end":{"line":15,"column":42}},"8":{"start":{"line":17,"column":8},"end":{"line":22,"column":9}},"9":{"start":{"line":18,"column":12},"end":{"line":18,"column":30}},"10":{"start":{"line":19,"column":12},"end":{"line":19,"column":31}},"11":{"start":{"line":21,"column":12},"end":{"line":21,"column":38}},"12":{"start":{"line":24,"column":8},"end":{"line":24,"column":69}},"13":{"start":{"line":26,"column":8},"end":{"line":26,"column":41}},"14":{"start":{"line":30,"column":32},"end":{"line":30,"column":54}}},"fnMap":{"0":{"name":"(anonymous_0)","decl":{"start":{"line":2,"column":4},"end":{"line":2,"column":5}},"loc":{"start":{"line":2,"column":18},"end":{"line":4,"column":5}},"line":2},"1":{"name":"(anonymous_1)","decl":{"start":{"line":5,"column":4},"end":{"line":5,"column":5}},"loc":{"start":{"line":5,"column":18},"end":{"line":11,"column":5}},"line":5},"2":{"name":"(anonymous_2)","decl":{"start":{"line":12,"column":4},"end":{"line":12,"column":5}},"loc":{"start":{"line":12,"column":20},"end":{"line":27,"column":5}},"line":12}},"branchMap":{"0":{"loc":{"start":{"line":7,"column":8},"end":{"line":9,"column":9}},"type":"if","locations":[{"start":{"line":7,"column":8},"end":{"line":9,"column":9}},{"start":{"line":7,"column":8},"end":{"line":9,"column":9}}],"line":7},"1":{"loc":{"start":{"line":17,"column":8},"end":{"line":22,"column":9}},"type":"if","locations":[{"start":{"line":17,"column":8},"end":{"line":22,"column":9}},{"start":{"line":17,"column":8},"end":{"line":22,"column":9}}],"line":17}},"s":{"0":10,"1":17,"2":17,"3":0,"4":17,"5":2,"6":2,"7":2,"8":2,"9":2,"10":2,"11":0,"12":2,"13":2,"14":8},"f":{"0":10,"1":17,"2":2},"b":{"0":[0,17],"1":[2,0]},"_coverageSchema":"1a1c01bbd47fc00a2c39e90264f33305004495a9","hash":"2d2f93be12b4b89277a0a6104e46136161ab0b89"}
}
