TN:
SF:cart.js
FN:9,(anonymous_0)
FN:12,render
FN:20,(anonymous_2)
FN:28,(anonymous_3)
FN:29,(anonymous_4)
FN:32,(anonymous_5)
FN:37,(anonymous_6)
FN:42,(anonymous_7)
FN:43,(anonymous_8)
FNF:9
FNH:4
FNDA:4,(anonymous_0)
FNDA:1,render
FNDA:5,(anonymous_2)
FNDA:0,(anonymous_3)
FNDA:0,(anonymous_4)
FNDA:0,(anonymous_5)
FNDA:2,(anonymous_6)
FNDA:0,(anonymous_7)
FNDA:0,(anonymous_8)
DA:7,2
DA:9,2
DA:10,4
DA:13,1
DA:14,1
DA:15,1
DA:18,2
DA:20,2
DA:21,5
DA:24,2
DA:27,2
DA:28,0
DA:30,0
DA:32,0
DA:33,0
DA:34,0
DA:38,2
DA:39,2
DA:42,2
DA:43,0
DA:44,0
DA:46,0
DA:47,0
LF:23
LH:14
BRDA:44,0,0,0
BRDA:44,0,1,0
BRDA:46,1,0,0
BRDA:46,1,1,0
BRF:4
BRH:0
end_of_record
TN:
SF:index.js
FN:17,render
FN:34,(anonymous_1)
FN:35,(anonymous_2)
FN:38,(anonymous_3)
FN:43,(anonymous_4)
FN:48,(anonymous_5)
FN:52,(anonymous_6)
FN:53,(anonymous_7)
FN:55,(anonymous_8)
FN:61,(anonymous_9)
FN:68,(anonymous_10)
FNF:11
FNH:3
FNDA:1,render
FNDA:0,(anonymous_1)
FNDA:0,(anonymous_2)
FNDA:0,(anonymous_3)
FNDA:7,(anonymous_4)
FNDA:12,(anonymous_5)
FNDA:0,(anonymous_6)
FNDA:0,(anonymous_7)
FNDA:0,(anonymous_8)
FNDA:0,(anonymous_9)
FNDA:0,(anonymous_10)
DA:18,1
DA:19,1
DA:20,1
DA:21,1
DA:22,1
DA:23,1
DA:24,1
DA:27,7
DA:31,7
DA:33,7
DA:34,0
DA:36,0
DA:38,0
DA:39,0
DA:40,0
DA:44,7
DA:45,7
DA:48,7
DA:49,12
DA:52,7
DA:53,0
DA:54,0
DA:55,0
DA:56,0
DA:60,0
DA:61,0
DA:62,0
DA:63,0
DA:64,0
DA:66,0
DA:67,0
DA:68,0
DA:69,0
LF:33
LH:15
BRDA:62,0,0,0
BRDA:62,0,1,0
BRDA:63,1,0,0
BRDA:63,1,1,0
BRDA:66,2,0,0
BRDA:66,2,1,0
BRF:6
BRH:0
end_of_record
TN:
SF:router.js
FN:1,(anonymous_0)
FN:6,(anonymous_1)
FN:37,(anonymous_2)
FNF:3
FNH:2
FNDA:3,(anonymous_0)
FNDA:3,(anonymous_1)
FNDA:0,(anonymous_2)
DA:1,8
DA:2,3
DA:4,3
DA:6,3
DA:7,3
DA:15,3
DA:33,3
DA:34,3
DA:35,3
DA:37,0
DA:38,0
DA:40,0
DA:41,0
LF:13
LH:9
BRDA:34,0,0,3
BRDA:34,0,1,0
BRDA:34,1,0,3
BRDA:34,1,1,3
BRDA:40,2,0,0
BRDA:40,2,1,0
BRF:6
BRH:3
end_of_record
TN:
SF:components/Cart/Cart.js
FN:11,(anonymous_0)
FN:16,(anonymous_1)
FNF:2
FNH:1
FNDA:3,(anonymous_0)
FNDA:0,(anonymous_1)
DA:12,3
DA:13,3
DA:14,3
DA:15,3
DA:16,3
DA:17,0
DA:18,0
DA:30,0
DA:34,3
DA:46,3
DA:47,3
DA:48,0
DA:57,2
LF:13
LH:9
BRDA:17,0,0,0
BRDA:17,0,1,0
BRDA:47,1,0,0
BRDA:47,1,1,3
BRF:4
BRH:1
end_of_record
TN:
SF:components/Description/Description.js
FN:4,(anonymous_0)
FN:12,(anonymous_1)
FN:18,(anonymous_2)
FN:22,(anonymous_3)
FN:27,(anonymous_4)
FNF:5
FNH:4
FNDA:3,(anonymous_0)
FNDA:1,(anonymous_1)
FNDA:1,(anonymous_2)
FNDA:3,(anonymous_3)
FNDA:0,(anonymous_4)
DA:1,7
DA:4,7
DA:5,3
DA:13,1
DA:14,0
DA:19,1
DA:23,3
DA:24,3
DA:25,3
DA:27,3
DA:29,0
DA:30,0
DA:42,3
DA:50,3
DA:51,0
DA:56,7
LF:16
LH:12
BRDA:13,0,0,0
BRDA:13,0,1,1
BRDA:29,1,0,0
BRDA:29,1,1,0
BRDA:50,2,0,0
BRDA:50,2,1,3
BRF:6
BRH:2
end_of_record
TN:
SF:components/Error/Error.js
FN:3,(anonymous_0)
FNF:1
FNH:1
FNDA:9,(anonymous_0)
DA:1,7
DA:4,9
DA:12,9
DA:13,0
DA:18,7
LF:5
LH:4
BRDA:12,0,0,0
BRDA:12,0,1,9
BRF:2
BRH:1
end_of_record
TN:
SF:components/Footer/Footer.js
FN:3,(anonymous_0)
FN:8,(anonymous_1)
FNF:2
FNH:2
FNDA:1,(anonymous_0)
FNDA:2,(anonymous_1)
DA:1,8
DA:3,8
DA:4,1
DA:9,2
DA:18,2
DA:19,0
DA:24,8
LF:7
LH:6
BRDA:18,0,0,0
BRDA:18,0,1,2
BRF:2
BRH:1
end_of_record
TN:
SF:components/Header/Header.js
FN:2,(anonymous_0)
FN:7,(anonymous_1)
FN:11,(anonymous_2)
FNF:3
FNH:3
FNDA:1,(anonymous_0)
FNDA:1,(anonymous_1)
FNDA:3,(anonymous_2)
DA:1,7
DA:2,7
DA:3,1
DA:8,1
DA:12,3
DA:13,0
DA:15,3
DA:36,3
DA:37,0
DA:44,7
LF:10
LH:8
BRDA:12,0,0,0
BRDA:12,0,1,3
BRDA:36,1,0,0
BRDA:36,1,1,3
BRF:4
BRH:2
end_of_record
TN:
SF:components/Menu/Menu.js
FN:2,(anonymous_0)
FN:7,(anonymous_1)
FNF:2
FNH:2
FNDA:2,(anonymous_0)
FNDA:4,(anonymous_1)
DA:1,8
DA:2,8
DA:3,2
DA:8,4
DA:18,4
DA:19,0
DA:23,8
LF:7
LH:6
BRDA:18,0,0,0
BRDA:18,0,1,4
BRF:2
BRH:1
end_of_record
TN:
SF:components/Products/Products.js
FN:5,(anonymous_0)
FN:10,(anonymous_1)
FN:15,(anonymous_2)
FN:34,(anonymous_3)
FN:39,(anonymous_4)
FN:74,(anonymous_5)
FN:87,(anonymous_6)
FN:96,(anonymous_7)
FN:129,(anonymous_8)
FN:161,(anonymous_9)
FNF:10
FNH:5
FNDA:2,(anonymous_0)
FNDA:9,(anonymous_1)
FNDA:1,(anonymous_2)
FNDA:2,(anonymous_3)
FNDA:0,(anonymous_4)
FNDA:0,(anonymous_5)
FNDA:1,(anonymous_6)
FNDA:0,(anonymous_7)
FNDA:0,(anonymous_8)
FNDA:0,(anonymous_9)
DA:1,7
DA:5,7
DA:6,2
DA:11,9
DA:12,9
DA:13,9
DA:16,1
DA:18,1
DA:19,1
DA:20,1
DA:21,0
DA:22,0
DA:25,0
DA:26,0
DA:27,0
DA:31,1
DA:35,2
DA:36,2
DA:37,2
DA:39,2
DA:40,0
DA:41,0
DA:42,0
DA:43,0
DA:45,0
DA:46,0
DA:50,0
DA:66,2
DA:71,2
DA:72,0
DA:74,2
DA:75,0
DA:84,7
DA:87,7
DA:88,1
DA:89,1
DA:90,1
DA:91,1
DA:92,1
DA:93,1
DA:94,0
DA:95,0
DA:96,0
DA:97,0
DA:98,0
DA:99,0
DA:100,0
DA:102,0
DA:103,0
DA:105,0
DA:106,0
DA:109,0
DA:110,0
DA:127,0
DA:128,0
DA:129,0
DA:130,0
DA:131,0
DA:132,0
DA:133,0
DA:135,0
DA:136,0
DA:138,0
DA:142,0
DA:143,0
DA:160,0
DA:161,0
DA:162,0
DA:163,0
DA:164,0
DA:165,0
DA:167,0
DA:168,0
DA:170,0
DA:175,0
DA:193,1
DA:198,1
DA:199,0
LF:78
LH:28
BRDA:18,0,0,1
BRDA:18,0,1,0
BRDA:20,1,0,0
BRDA:20,1,1,1
BRDA:25,2,0,0
BRDA:25,2,1,0
BRDA:42,3,0,0
BRDA:42,3,1,0
BRDA:71,4,0,0
BRDA:71,4,1,2
BRDA:93,5,0,0
BRDA:93,5,1,1
BRDA:93,6,0,1
BRDA:93,6,1,0
BRDA:94,7,0,0
BRDA:94,7,1,0
BRDA:94,8,0,0
BRDA:94,8,1,0
BRDA:99,9,0,0
BRDA:99,9,1,0
BRDA:102,10,0,0
BRDA:102,10,1,0
BRDA:109,11,0,0
BRDA:109,11,1,0
BRDA:127,12,0,0
BRDA:127,12,1,0
BRDA:127,13,0,0
BRDA:127,13,1,0
BRDA:132,14,0,0
BRDA:132,14,1,0
BRDA:135,15,0,0
BRDA:135,15,1,0
BRDA:142,16,0,0
BRDA:142,16,1,0
BRDA:164,17,0,0
BRDA:164,17,1,0
BRDA:167,18,0,0
BRDA:167,18,1,0
BRDA:198,19,0,0
BRDA:198,19,1,1
BRF:40
BRH:6
end_of_record
TN:
SF:components/Shopping/Shopping.js
FN:2,(anonymous_0)
FN:8,(anonymous_1)
FN:14,(anonymous_2)
FN:19,(anonymous_3)
FNF:4
FNH:3
FNDA:2,(anonymous_0)
FNDA:1,(anonymous_1)
FNDA:3,(anonymous_2)
FNDA:0,(anonymous_3)
DA:1,7
DA:2,7
DA:3,2
DA:9,1
DA:10,0
DA:15,3
DA:16,3
DA:17,3
DA:18,3
DA:19,3
DA:20,0
DA:21,0
DA:27,0
DA:31,3
DA:43,3
DA:44,0
DA:48,7
LF:17
LH:12
BRDA:9,0,0,0
BRDA:9,0,1,1
BRDA:20,1,0,0
BRDA:20,1,1,0
BRDA:43,2,0,0
BRDA:43,2,1,3
BRF:6
BRH:2
end_of_record
TN:
SF:components/Slider/Slider.js
FN:3,(anonymous_0)
FN:9,(anonymous_1)
FN:27,autoSlider
FN:28,(anonymous_3)
FNF:4
FNH:3
FNDA:2,(anonymous_0)
FNDA:2,(anonymous_1)
FNDA:2,autoSlider
FNDA:0,(anonymous_3)
DA:1,8
DA:3,8
DA:4,2
DA:12,2
DA:22,2
DA:23,2
DA:28,2
DA:29,0
DA:30,0
DA:31,0
DA:32,0
DA:33,0
DA:35,0
DA:36,0
DA:40,2
DA:41,0
DA:46,8
LF:17
LH:9
BRDA:31,0,0,0
BRDA:31,0,1,0
BRDA:40,1,0,0
BRDA:40,1,1,2
BRF:4
BRH:1
end_of_record
TN:
SF:components/Spinner/Spinner.js
FN:3,(anonymous_0)
FN:9,(anonymous_1)
FNF:2
FNH:2
FNDA:9,(anonymous_0)
FNDA:9,(anonymous_1)
DA:1,7
DA:4,9
DA:5,0
DA:10,9
DA:15,9
DA:16,0
DA:21,7
LF:7
LH:5
BRDA:4,0,0,0
BRDA:4,0,1,9
BRDA:15,1,0,0
BRDA:15,1,1,9
BRF:4
BRH:2
end_of_record
TN:
SF:utils/localStorageUtil.js
FN:2,(anonymous_0)
FN:5,(anonymous_1)
FN:12,(anonymous_2)
FNF:3
FNH:3
FNDA:10,(anonymous_0)
FNDA:17,(anonymous_1)
FNDA:2,(anonymous_2)
DA:3,10
DA:6,17
DA:7,17
DA:8,0
DA:10,17
DA:13,2
DA:14,2
DA:15,2
DA:17,2
DA:18,2
DA:19,2
DA:21,0
DA:24,2
DA:26,2
DA:30,8
LF:15
LH:13
BRDA:7,0,0,0
BRDA:7,0,1,17
BRDA:17,1,0,2
BRDA:17,1,1,0
BRF:4
BRH:2
end_of_record
